[debug] [2023-09-17T17:58:10.629Z] ----------------------------------------------------------------------
[debug] [2023-09-17T17:58:10.631Z] Command:       C:\Program Files\nodejs\node.exe C:\Users\Ben\AppData\Roaming\npm\node_modules\firebase-tools\lib\bin\firebase.js init
[debug] [2023-09-17T17:58:10.631Z] CLI Version:   12.5.4
[debug] [2023-09-17T17:58:10.631Z] Platform:      win32
[debug] [2023-09-17T17:58:10.631Z] Node Version:  v18.16.0
[debug] [2023-09-17T17:58:10.632Z] Time:          Sun Sep 17 2023 13:58:10 GMT-0400 (Eastern Daylight Time)
[debug] [2023-09-17T17:58:10.632Z] ----------------------------------------------------------------------
[debug] 
[debug] [2023-09-17T17:58:10.640Z] > command requires scopes: ["email","openid","https://www.googleapis.com/auth/cloudplatformprojects.readonly","https://www.googleapis.com/auth/firebase","https://www.googleapis.com/auth/cloud-platform"]
[debug] [2023-09-17T17:58:10.640Z] > authorizing via signed-in user (toxiksoldier6199@gmail.com)
[info] 
     ######## #### ########  ######## ########     ###     ######  ########
     ##        ##  ##     ## ##       ##     ##  ##   ##  ##       ##
     ######    ##  ########  ######   ########  #########  ######  ######
     ##        ##  ##    ##  ##       ##     ## ##     ##       ## ##
     ##       #### ##     ## ######## ########  ##     ##  ######  ########

You're about to initialize a Firebase project in this directory:

  G:\Website\Portfolio\public

[debug] [2024-08-30T16:13:30.895Z] ----------------------------------------------------------------------
[debug] [2024-08-30T16:13:30.901Z] Command:       C:\Program Files\nodejs\node.exe C:\Users\toxik\AppData\Roaming\npm\node_modules\firebase-tools\lib\bin\firebase.js deploy -m Updated to be more recent
[debug] [2024-08-30T16:13:30.901Z] CLI Version:   13.16.0
[debug] [2024-08-30T16:13:30.904Z] Platform:      win32
[debug] [2024-08-30T16:13:30.905Z] Node Version:  v20.5.1
[debug] [2024-08-30T16:13:30.905Z] Time:          Fri Aug 30 2024 12:13:30 GMT-0400 (Eastern Daylight Time)
[debug] [2024-08-30T16:13:30.905Z] ----------------------------------------------------------------------
[debug] 
[debug] [2024-08-30T16:13:31.038Z] > command requires scopes: ["email","openid","https://www.googleapis.com/auth/cloudplatformprojects.readonly","https://www.googleapis.com/auth/firebase","https://www.googleapis.com/auth/cloud-platform"]
[debug] [2024-08-30T16:13:31.039Z] > authorizing via signed-in user (toxiksoldier6199@gmail.com)
[debug] [2024-08-30T16:13:31.039Z] [iam] checking project myportfolio-fa41e for permissions ["cloudfunctions.functions.create","cloudfunctions.functions.delete","cloudfunctions.functions.get","cloudfunctions.functions.list","cloudfunctions.functions.update","cloudfunctions.operations.get","firebase.projects.get","firebasehosting.sites.update"]
[debug] [2024-08-30T16:13:31.042Z] > refreshing access token with scopes: []
[debug] [2024-08-30T16:13:31.050Z] >>> [apiv2][query] POST https://www.googleapis.com/oauth2/v3/token [none]
[debug] [2024-08-30T16:13:31.050Z] >>> [apiv2][body] POST https://www.googleapis.com/oauth2/v3/token [omitted]
[debug] [2024-08-30T16:13:31.245Z] <<< [apiv2][status] POST https://www.googleapis.com/oauth2/v3/token 400
[debug] [2024-08-30T16:13:31.246Z] <<< [apiv2][body] POST https://www.googleapis.com/oauth2/v3/token [omitted]
[debug] [2024-08-30T16:13:31.246Z] >>> [apiv2][query] POST https://cloudresourcemanager.googleapis.com/v1/projects/myportfolio-fa41e:testIamPermissions [none]
[debug] [2024-08-30T16:13:31.246Z] >>> [apiv2][(partial)header] POST https://cloudresourcemanager.googleapis.com/v1/projects/myportfolio-fa41e:testIamPermissions x-goog-quota-user=projects/myportfolio-fa41e
[debug] [2024-08-30T16:13:31.247Z] >>> [apiv2][body] POST https://cloudresourcemanager.googleapis.com/v1/projects/myportfolio-fa41e:testIamPermissions {"permissions":["cloudfunctions.functions.create","cloudfunctions.functions.delete","cloudfunctions.functions.get","cloudfunctions.functions.list","cloudfunctions.functions.update","cloudfunctions.operations.get","firebase.projects.get","firebasehosting.sites.update"]}
[debug] [2024-08-30T16:13:31.382Z] <<< [apiv2][status] POST https://cloudresourcemanager.googleapis.com/v1/projects/myportfolio-fa41e:testIamPermissions 401
[debug] [2024-08-30T16:13:31.383Z] <<< [apiv2][body] POST https://cloudresourcemanager.googleapis.com/v1/projects/myportfolio-fa41e:testIamPermissions {"error":{"code":401,"message":"Request had invalid authentication credentials. Expected OAuth 2 access token, login cookie or other valid authentication credential. See https://developers.google.com/identity/sign-in/web/devconsole-project.","status":"UNAUTHENTICATED","details":[{"@type":"type.googleapis.com/google.rpc.ErrorInfo","reason":"ACCESS_TOKEN_TYPE_UNSUPPORTED","metadata":{"service":"cloudresourcemanager.googleapis.com","method":"google.cloudresourcemanager.v1.Projects.TestIamPermissions"}}]}}
[debug] [2024-08-30T16:13:31.383Z] [iam] error while checking permissions, command may fail: FirebaseError: HTTP Error: 401, Request had invalid authentication credentials. Expected OAuth 2 access token, login cookie or other valid authentication credential. See https://developers.google.com/identity/sign-in/web/devconsole-project.
[debug] [2024-08-30T16:13:31.384Z] > refreshing access token with scopes: []
[debug] [2024-08-30T16:13:31.385Z] >>> [apiv2][query] POST https://www.googleapis.com/oauth2/v3/token [none]
[debug] [2024-08-30T16:13:31.385Z] >>> [apiv2][body] POST https://www.googleapis.com/oauth2/v3/token [omitted]
[debug] [2024-08-30T16:13:31.439Z] <<< [apiv2][status] POST https://www.googleapis.com/oauth2/v3/token 400
[debug] [2024-08-30T16:13:31.440Z] <<< [apiv2][body] POST https://www.googleapis.com/oauth2/v3/token [omitted]
[debug] [2024-08-30T16:13:31.440Z] >>> [apiv2][query] POST https://iam.googleapis.com/v1/projects/myportfolio-fa41e/serviceAccounts/myportfolio-fa41e@appspot.gserviceaccount.com:testIamPermissions [none]
[debug] [2024-08-30T16:13:31.440Z] >>> [apiv2][body] POST https://iam.googleapis.com/v1/projects/myportfolio-fa41e/serviceAccounts/myportfolio-fa41e@appspot.gserviceaccount.com:testIamPermissions {"permissions":["iam.serviceAccounts.actAs"]}
[debug] [2024-08-30T16:13:31.566Z] <<< [apiv2][status] POST https://iam.googleapis.com/v1/projects/myportfolio-fa41e/serviceAccounts/myportfolio-fa41e@appspot.gserviceaccount.com:testIamPermissions 401
[debug] [2024-08-30T16:13:31.567Z] <<< [apiv2][body] POST https://iam.googleapis.com/v1/projects/myportfolio-fa41e/serviceAccounts/myportfolio-fa41e@appspot.gserviceaccount.com:testIamPermissions {"error":{"code":401,"message":"Request had invalid authentication credentials. Expected OAuth 2 access token, login cookie or other valid authentication credential. See https://developers.google.com/identity/sign-in/web/devconsole-project.","status":"UNAUTHENTICATED","details":[{"@type":"type.googleapis.com/google.rpc.ErrorInfo","reason":"ACCESS_TOKEN_TYPE_UNSUPPORTED","metadata":{"service":"iam.googleapis.com","method":"google.iam.admin.v1.IAM.TestIamPermissions"}}]}}
[debug] [2024-08-30T16:13:31.567Z] [functions] service account IAM check errored, deploy may fail: HTTP Error: 401, Request had invalid authentication credentials. Expected OAuth 2 access token, login cookie or other valid authentication credential. See https://developers.google.com/identity/sign-in/web/devconsole-project. {"name":"FirebaseError","children":[],"context":{"body":{"error":{"code":401,"message":"Request had invalid authentication credentials. Expected OAuth 2 access token, login cookie or other valid authentication credential. See https://developers.google.com/identity/sign-in/web/devconsole-project.","status":"UNAUTHENTICATED","details":[{"@type":"type.googleapis.com/google.rpc.ErrorInfo","reason":"ACCESS_TOKEN_TYPE_UNSUPPORTED","metadata":{"service":"iam.googleapis.com","method":"google.iam.admin.v1.IAM.TestIamPermissions"}}]}},"response":{"statusCode":401}},"exit":1,"message":"HTTP Error: 401, Request had invalid authentication credentials. Expected OAuth 2 access token, login cookie or other valid authentication credential. See https://developers.google.com/identity/sign-in/web/devconsole-project.","status":401}
[debug] [2024-08-30T16:13:31.568Z] > refreshing access token with scopes: []
[debug] [2024-08-30T16:13:31.569Z] >>> [apiv2][query] POST https://www.googleapis.com/oauth2/v3/token [none]
[debug] [2024-08-30T16:13:31.569Z] >>> [apiv2][body] POST https://www.googleapis.com/oauth2/v3/token [omitted]
[debug] [2024-08-30T16:13:31.615Z] <<< [apiv2][status] POST https://www.googleapis.com/oauth2/v3/token 400
[debug] [2024-08-30T16:13:31.615Z] <<< [apiv2][body] POST https://www.googleapis.com/oauth2/v3/token [omitted]
[debug] [2024-08-30T16:13:31.616Z] >>> [apiv2][query] GET https://firebase.googleapis.com/v1beta1/projects/myportfolio-fa41e [none]
[debug] [2024-08-30T16:13:31.714Z] <<< [apiv2][status] GET https://firebase.googleapis.com/v1beta1/projects/myportfolio-fa41e 401
[debug] [2024-08-30T16:13:31.714Z] <<< [apiv2][body] GET https://firebase.googleapis.com/v1beta1/projects/myportfolio-fa41e {"error":{"code":401,"message":"Request had invalid authentication credentials. Expected OAuth 2 access token, login cookie or other valid authentication credential. See https://developers.google.com/identity/sign-in/web/devconsole-project.","status":"UNAUTHENTICATED"}}
[debug] [2024-08-30T16:13:31.714Z] HTTP Error: 401, Request had invalid authentication credentials. Expected OAuth 2 access token, login cookie or other valid authentication credential. See https://developers.google.com/identity/sign-in/web/devconsole-project.
[error] 
[error] Error: Assertion failed: resolving hosting target of a site with no site name or target name. This should have caused an error earlier
